<?xml version="1.0" encoding="UTF-8"?>
<testsuite xmlns:xsi="http://www.w3.org/2001/XMLSchema-instance" xsi:noNamespaceSchemaLocation="https://maven.apache.org/surefire/maven-surefire-plugin/xsd/surefire-test-report.xsd" name="com.yerko.model.CalculadoraTest" time="0.179" tests="4" errors="0" skipped="0" failures="0">
  <properties>
[...]
</properties>
  <testcase name="restarTest" classname="com.yerko.model.CalculadoraTest" time="0.042"/>
  <testcase name="dividirTest" classname="com.yerko.model.CalculadoraTest" time="0.013"/>
  <testcase name="multiplicarTest" classname="com.yerko.model.CalculadoraTest" time="0.008"/>
  <testcase name="sumarTest" classname="com.yerko.model.CalculadoraTest" time="0.005"/>
</testsuite>